2025-11-05 11:38:06,259 [Worker-6: Loading available Gradle versions] INFO  o.e.b.c.i.u.g.PublishedGradleVersions - Gradle version information cache is not available. Remote download required.
2025-11-05 11:38:46,245 [Worker-13: Importing Maven projects] INFO  o.e.m.c.i.l.LifecycleMappingFactory - Using org.eclipse.m2e.jdt.JarLifecycleMapping lifecycle mapping for MavenProject: com.klef:BOOKINGAPI-SPRINGBOOT:0.0.1-SNAPSHOT @ C:\DevOps-PRACTICE\KUBERNETES LAB-15\DEVOPS-FULLSTACK\BACKEND\BOOKINGAPI-SPRINGBOOT\pom.xml.
2025-11-05 11:38:49,002 [Worker-13: Importing Maven projects] INFO  o.e.m.j.i.AbstractJavaProjectConfigurator - Adding source folder /BOOKINGAPI-SPRINGBOOT/src/main/java
2025-11-05 11:38:49,008 [Worker-13: Importing Maven projects] INFO  o.e.m.j.i.AbstractJavaProjectConfigurator - Adding resource folder /BOOKINGAPI-SPRINGBOOT/src/main/resources
2025-11-05 11:38:49,013 [Worker-13: Importing Maven projects] INFO  o.e.m.j.i.AbstractJavaProjectConfigurator - Adding resource folder /BOOKINGAPI-SPRINGBOOT/src/main/resources
2025-11-05 11:38:49,016 [Worker-13: Importing Maven projects] INFO  o.e.m.j.i.AbstractJavaProjectConfigurator - Adding source folder /BOOKINGAPI-SPRINGBOOT/src/test/java
2025-11-05 11:38:49,019 [Worker-13: Importing Maven projects] INFO  o.e.m.j.i.AbstractJavaProjectConfigurator - Adding resource folder /BOOKINGAPI-SPRINGBOOT/src/test/resources
2025-11-05 11:38:49,592 [Worker-13: Importing Maven projects] INFO  o.e.m.c.i.p.ProjectConfigurationManager - Imported and configured 1 project(s) in 5 sec
2025-11-05 11:38:51,116 [Worker-14: Building] INFO  o.a.m.s.f.DefaultMavenResourcesFiltering - Copying 1 resource from src\main\resources to target\classes
2025-11-05 11:38:51,140 [Worker-14: Building] INFO  o.a.m.s.f.DefaultMavenResourcesFiltering - Copying 0 resource from src\main\resources to target\classes
2025-11-05 11:38:51,148 [Worker-14: Building] INFO  o.a.m.s.f.DefaultMavenResourcesFiltering - skip non existing resourceDirectory C:\DevOps-PRACTICE\KUBERNETES LAB-15\DEVOPS-FULLSTACK\BACKEND\BOOKINGAPI-SPRINGBOOT\src\test\resources
2025-11-05 11:40:09,558 [Worker-5: Launching BOOKINGAPI-SPRINGBOOT - BookingapiSpringbootApplication] INFO  o.a.m.s.f.DefaultMavenResourcesFiltering - Copying 1 resource from src\main\resources to target\classes
2025-11-05 11:40:09,569 [Worker-5: Launching BOOKINGAPI-SPRINGBOOT - BookingapiSpringbootApplication] INFO  o.a.m.s.f.DefaultMavenResourcesFiltering - Copying 0 resource from src\main\resources to target\classes
2025-11-05 11:40:09,575 [Worker-5: Launching BOOKINGAPI-SPRINGBOOT - BookingapiSpringbootApplication] INFO  o.a.m.s.f.DefaultMavenResourcesFiltering - skip non existing resourceDirectory C:\DevOps-PRACTICE\KUBERNETES LAB-15\DEVOPS-FULLSTACK\BACKEND\BOOKINGAPI-SPRINGBOOT\src\test\resources
2025-11-05 18:04:13,987 [Worker-5: Loading available Gradle versions] INFO  o.e.b.c.i.u.g.PublishedGradleVersions - Gradle version information cache is up-to-date. Trying to read.
2025-11-05 18:04:27,831 [Worker-17: Updating Maven Project] INFO  o.e.m.c.i.p.ProjectConfigurationManager - Update started
2025-11-05 18:04:28,573 [Worker-17: Updating Maven Project] INFO  o.e.m.c.i.l.LifecycleMappingFactory - Using org.eclipse.m2e.jdt.JarLifecycleMapping lifecycle mapping for MavenProject: com.klef:BOOKINGAPI-SPRINGBOOT:0.0.1-SNAPSHOT @ C:\DevOps-PRACTICE\KUBERNETES LAB-15\DEVOPS-FULLSTACK\BACKEND\BOOKINGAPI-SPRINGBOOT\pom.xml.
2025-11-05 18:04:29,215 [Worker-17: Updating Maven Project] INFO  o.e.m.j.i.AbstractJavaProjectConfigurator - Adding source folder /BOOKINGAPI-SPRINGBOOT/src/main/java
2025-11-05 18:04:29,218 [Worker-17: Updating Maven Project] INFO  o.e.m.j.i.AbstractJavaProjectConfigurator - Adding resource folder /BOOKINGAPI-SPRINGBOOT/src/main/resources
2025-11-05 18:04:29,219 [Worker-17: Updating Maven Project] INFO  o.e.m.j.i.AbstractJavaProjectConfigurator - Adding resource folder /BOOKINGAPI-SPRINGBOOT/src/main/resources
2025-11-05 18:04:29,220 [Worker-17: Updating Maven Project] INFO  o.e.m.j.i.AbstractJavaProjectConfigurator - Adding source folder /BOOKINGAPI-SPRINGBOOT/src/test/java
2025-11-05 18:04:29,222 [Worker-17: Updating Maven Project] INFO  o.e.m.j.i.AbstractJavaProjectConfigurator - Adding resource folder /BOOKINGAPI-SPRINGBOOT/src/test/resources
2025-11-05 18:04:29,731 [Worker-17: Updating Maven Project] INFO  o.e.m.c.i.p.ProjectConfigurationManager - Update completed for 1 poms: local refresh takes 0.00 sec, refresh facades takes 1.00 sec, update config takes 0.00 sec 
2025-11-05 18:04:30,353 [Worker-7: Building] INFO  o.a.m.s.f.DefaultMavenResourcesFiltering - Copying 1 resource from src\main\resources to target\classes
2025-11-05 18:04:30,375 [Worker-7: Building] INFO  o.a.m.s.f.DefaultMavenResourcesFiltering - Copying 0 resource from src\main\resources to target\classes
2025-11-05 18:04:30,382 [Worker-7: Building] INFO  o.a.m.s.f.DefaultMavenResourcesFiltering - skip non existing resourceDirectory C:\DevOps-PRACTICE\KUBERNETES LAB-15\DEVOPS-FULLSTACK\BACKEND\BOOKINGAPI-SPRINGBOOT\src\test\resources
